
> outfevibe_mvp@0.1.0 build
> next build

▲ Next.js 16.1.4 (Turbopack)
- Environments: .env.local

  Creating an optimized production build ...

> Build error occurred
Error: Turbopack build failed with 1 errors:
./data/outfits.json
Code generation for chunk item errored
An error occurred while generating the chunk item [project]/data/outfits.json (json)

Caused by:
- Unable to make a module from invalid JSON: EOF while parsing a value at line 1 column 0

Debug info:
- An error occurred while generating the chunk item [project]/data/outfits.json (json)
- Execution of <JsonChunkItem as EcmascriptChunkItem>::content failed
- Unable to make a module from invalid JSON: EOF while parsing a value at line 1 column 0
    at .

Import trace:
  Client Component SSR:
    ./data/outfits.json
    ./src/app/outfit/page.tsx [Client Component SSR]
    ./src/app/outfit/page.tsx [Server Component]


    at ignore-listed frames
