
> outfevibe_mvp@0.1.0 build
> next build

▲ Next.js 16.1.4 (Turbopack)
- Environments: .env.local

  Creating an optimized production build ...
✓ Compiled successfully in 1861.6ms
  Running TypeScript ...
  Collecting page data using 19 workers ...
  Generating static pages using 19 workers (0/14) ...
  Generating static pages using 19 workers (3/14) 
  Generating static pages using 19 workers (6/14) 
  Generating static pages using 19 workers (10/14) 
✓ Generating static pages using 19 workers (14/14) in 521.1ms
  Finalizing page optimization ...

Route (app)
┌ ○ /
├ ○ /_not-found
├ ○ /about
├ ○ /careers
├ ○ /contact
├ ○ /features
├ ○ /login
├ ○ /outfit
├ ○ /profile
├ ○ /quiz
├ ○ /signup
└ ○ /suggestions


○  (Static)  prerendered as static content

